<?xml version="1.0" encoding="UTF-8"?>
<testsuite name="com.wiki.tests.LoginTest" tests="1" skipped="0" failures="0" errors="0" timestamp="2019-10-06T18:16:17" hostname="Lena-Toshiba" time="1.958">
  <properties/>
  <testcase name="loginTest" classname="com.wiki.tests.LoginTest" time="1.958"/>
  <system-out><![CDATA[]]></system-out>
  <system-err><![CDATA[]]></system-err>
</testsuite>
