<?xml version="1.0" encoding="UTF-8"?>
<testsuite name="LoginTest" tests="1" skipped="0" failures="0" errors="0" timestamp="2019-09-18T18:56:36" hostname="Lena-Toshiba" time="4.016">
  <properties/>
  <testcase name="loginTest" classname="LoginTest" time="4.016"/>
  <system-out><![CDATA[]]></system-out>
  <system-err><![CDATA[]]></system-err>
</testsuite>
